<?xml version="1.0" encoding="UTF-8"?>
<testng-results skipped="0" failed="0" ignored="0" total="1" passed="1">
  <reporter-output>
  </reporter-output>
  <suite name="Default suite" duration-ms="4169" started-at="2018-06-11T02:40:02Z" finished-at="2018-06-11T02:40:06Z">
    <groups>
    </groups>
    <test name="Default test" duration-ms="4169" started-at="2018-06-11T02:40:02Z" finished-at="2018-06-11T02:40:06Z">
      <class name="com.webapp.uiautomation.WebdriverAPITest">
        <test-method status="PASS" signature="initDriver()[pri:0, instance:com.webapp.uiautomation.WebdriverAPITest@25b485ba]" name="initDriver" is-config="true" duration-ms="1140" started-at="2018-06-11T02:40:02Z" finished-at="2018-06-11T02:40:03Z">
          <reporter-output>
          </reporter-output>
        </test-method> <!-- initDriver -->
        <test-method status="PASS" signature="testXbuttonApprearance()[pri:0, instance:com.webapp.uiautomation.WebdriverAPITest@25b485ba]" name="testXbuttonApprearance" duration-ms="2904" started-at="2018-06-11T02:40:03Z" finished-at="2018-06-11T02:40:06Z">
          <reporter-output>
          </reporter-output>
        </test-method> <!-- testXbuttonApprearance -->
        <test-method status="PASS" signature="teardown()[pri:0, instance:com.webapp.uiautomation.WebdriverAPITest@25b485ba]" name="teardown" is-config="true" duration-ms="107" started-at="2018-06-11T02:40:06Z" finished-at="2018-06-11T02:40:06Z">
          <reporter-output>
          </reporter-output>
        </test-method> <!-- teardown -->
      </class> <!-- com.webapp.uiautomation.WebdriverAPITest -->
    </test> <!-- Default test -->
  </suite> <!-- Default suite -->
</testng-results>
